adsmodule/build/intermediates/manifest_merge_blame_file/debug/manifest-merger-blame-debug-report.txt
1<?xml version="1.0" encoding="utf-8"?>
2<manifest xmlns:android="http://schemas.android.com/apk/res/android"
3    xmlns:tools="http://schemas.android.com/tools"
4    package="com.adsmodule.api" >
5
6    <uses-sdk android:minSdkVersion="24" />
6-->src\main\AndroidManifest.xml
7
8    <uses-permission android:name="android.permission.INTERNET" />
8-->src\main\AndroidManifest.xml:5:5-67
8-->src\main\AndroidManifest.xml:5:22-64
9    <uses-permission android:name="android.permission.ACCESS_NETWORK_STATE" />
9-->src\main\AndroidManifest.xml:6:5-79
9-->src\main\AndroidManifest.xml:6:22-76
10    <uses-permission android:name="android.permission.ACCESS_WIFI_STATE" />
10-->src\main\AndroidManifest.xml:7:5-76
10-->src\main\AndroidManifest.xml:7:22-73
11    <uses-permission
11-->src\main\AndroidManifest.xml:8:5-10:47
12        android:name="android.permission.READ_PRIVILEGED_PHONE_STATE"
12-->src\main\AndroidManifest.xml:9:9-70
13        tools:ignore="ProtectedPermissions" />
13-->src\main\AndroidManifest.xml:10:9-44
14
15    <application>
15-->src\main\AndroidManifest.xml:12:5-17:15
16        <meta-data
16-->src\main\AndroidManifest.xml:14:5-16:66
17            android:name="com.google.android.gms.ads.APPLICATION_ID"
17-->src\main\AndroidManifest.xml:15:9-65
18            android:value="ca-app-pub-3940256099942544~3347511713" />
18-->src\main\AndroidManifest.xml:16:9-63
19    </application>
20
21</manifest>